<?xml version="1.0" encoding="UTF-8"?>
<robot generator="Robot 7.1.1 (Python 3.13.1 on darwin)" generated="2025-01-29T19:30:01.800927" rpa="false" schemaversion="5">
<suite id="s1" name="Test" source="/Users/nokweed/Documents/robot/test.robot">
<test id="s1-t1" name="TC_001: Start Chrome For Testing" line="10">
<kw name="Evaluate" owner="BuiltIn">
<msg time="2025-01-29T19:30:01.944661" level="INFO">${chrome_options} = &lt;selenium.webdriver.chrome.options.Options object at 0x106fc12b0&gt;</msg>
<var>${chrome_options}</var>
<arg>sys.modules['selenium.webdriver'].ChromeOptions()</arg>
<arg>sys</arg>
<doc>Evaluates the given expression in Python and returns the result.</doc>
<status status="PASS" start="2025-01-29T19:30:01.944427" elapsed="0.000266"/>
</kw>
<kw name="Set Variable" owner="BuiltIn">
<msg time="2025-01-29T19:30:01.944986" level="INFO">${chrome_options.binary_location} = /Users/nokweed/Documents/ChromeDriverANDChromeTesting/Google Chrome for Testing.app/Contents/MacOS/Google Chrome for Testing</msg>
<var>${chrome_options.binary_location}</var>
<arg>${CHROME_BROWSER_PATH}</arg>
<doc>Returns the given values which can then be assigned to a variables.</doc>
<status status="PASS" start="2025-01-29T19:30:01.944838" elapsed="0.000169"/>
</kw>
<kw name="Evaluate" owner="BuiltIn">
<msg time="2025-01-29T19:30:01.945443" level="INFO">${service} = &lt;selenium.webdriver.chrome.service.Service object at 0x106fc0c20&gt;</msg>
<var>${service}</var>
<arg>sys.modules["selenium.webdriver.chrome.service"].Service(executable_path=r"${CHROME_DRIVER_PATH}")</arg>
<doc>Evaluates the given expression in Python and returns the result.</doc>
<status status="PASS" start="2025-01-29T19:30:01.945110" elapsed="0.000354"/>
</kw>
<kw name="Create Webdriver" owner="SeleniumLibrary">
<msg time="2025-01-29T19:30:01.945729" level="INFO">Creating an instance of the Chrome WebDriver.</msg>
<arg>Chrome</arg>
<arg>options=${chrome_options}</arg>
<arg>service=${service}</arg>
<doc>Creates an instance of Selenium WebDriver.</doc>
<status status="PASS" start="2025-01-29T19:30:01.945567" elapsed="1.283184"/>
</kw>
<kw name="Go To" owner="SeleniumLibrary">
<msg time="2025-01-29T19:30:03.229932" level="INFO">Opening url 'https://www.kku.ac.th'</msg>
<arg>${URL}</arg>
<doc>Navigates the current browser window to the provided ``url``.</doc>
<status status="PASS" start="2025-01-29T19:30:03.229583" elapsed="3.088488"/>
</kw>
<status status="PASS" start="2025-01-29T19:30:01.943712" elapsed="4.375137"/>
</test>
<status status="PASS" start="2025-01-29T19:30:01.802446" elapsed="4.517416"/>
</suite>
<statistics>
<total>
<stat pass="1" fail="0" skip="0">All Tests</stat>
</total>
<tag>
</tag>
<suite>
<stat pass="1" fail="0" skip="0" id="s1" name="Test">Test</stat>
</suite>
</statistics>
<errors>
</errors>
</robot>
